

Microchip Technology PIC LITE Macro Assembler V1.37 build -260352376 
                                                                                               Tue Nov 21 18:25:12 2017

Microchip Technology Omniscient Code Generator v1.37 (Free mode) build 201603110536
     1                           	processor	16F877A
     2                           	opt	pw 120
     3                           	opt	lm
     4                           	psect	cinit,global,class=CODE,merge=1,delta=2
     5                           	psect	cstackCOMMON,global,class=COMMON,space=1,delta=1
     6                           	psect	cstackBANK0,global,class=BANK0,space=1,delta=1
     7                           	psect	maintext,global,class=CODE,split=1,delta=2
     8                           	psect	text1,local,class=CODE,merge=1,delta=2
     9                           	psect	text2,local,class=CODE,merge=1,delta=2
    10                           	psect	text3,local,class=CODE,merge=1,delta=2
    11                           	psect	text4,local,class=CODE,merge=1,delta=2
    12                           	psect	text5,local,class=CODE,merge=1,delta=2
    13                           	psect	text6,local,class=CODE,merge=1,delta=2
    14                           	psect	text7,local,class=CODE,merge=1,delta=2
    15                           	dabs	1,0x7E,2
    16  0000                     	;# 
    17  0001                     	;# 
    18  0002                     	;# 
    19  0003                     	;# 
    20  0004                     	;# 
    21  0005                     	;# 
    22  0006                     	;# 
    23  0007                     	;# 
    24  0008                     	;# 
    25  0009                     	;# 
    26  000A                     	;# 
    27  000B                     	;# 
    28  000C                     	;# 
    29  000D                     	;# 
    30  000E                     	;# 
    31  000E                     	;# 
    32  000F                     	;# 
    33  0010                     	;# 
    34  0011                     	;# 
    35  0012                     	;# 
    36  0013                     	;# 
    37  0014                     	;# 
    38  0015                     	;# 
    39  0015                     	;# 
    40  0016                     	;# 
    41  0017                     	;# 
    42  0018                     	;# 
    43  0019                     	;# 
    44  001A                     	;# 
    45  001B                     	;# 
    46  001B                     	;# 
    47  001C                     	;# 
    48  001D                     	;# 
    49  001E                     	;# 
    50  001F                     	;# 
    51  0081                     	;# 
    52  0085                     	;# 
    53  0086                     	;# 
    54  0087                     	;# 
    55  0088                     	;# 
    56  0089                     	;# 
    57  008C                     	;# 
    58  008D                     	;# 
    59  008E                     	;# 
    60  0091                     	;# 
    61  0092                     	;# 
    62  0093                     	;# 
    63  0094                     	;# 
    64  0098                     	;# 
    65  0099                     	;# 
    66  009C                     	;# 
    67  009D                     	;# 
    68  009E                     	;# 
    69  009F                     	;# 
    70  010C                     	;# 
    71  010D                     	;# 
    72  010E                     	;# 
    73  010F                     	;# 
    74  018C                     	;# 
    75  018D                     	;# 
    76  0008                     _PORTD	set	8
    77  0013                     _SSPBUF	set	19
    78  0014                     _SSPCON	set	20
    79  0019                     _TXREG	set	25
    80  00C4                     _CREN	set	196
    81  00C7                     _SPEN	set	199
    82  0099                     _SPBRG	set	153
    83  0093                     _SSPADD	set	147
    84  0091                     _SSPCON2	set	145
    85  0094                     _SSPSTAT	set	148
    86  0086                     _TRISB	set	134
    87  0088                     _TRISD	set	136
    88  048D                     _ACKDT	set	1165
    89  048C                     _ACKEN	set	1164
    90  04C2                     _BRGH	set	1218
    91  048A                     _PEN	set	1162
    92  048B                     _RCEN	set	1163
    93  0489                     _RSEN	set	1161
    94  0488                     _SEN	set	1160
    95  04C4                     _SYNC	set	1220
    96  043B                     _TRISC3	set	1083
    97  043C                     _TRISC4	set	1084
    98  043E                     _TRISC6	set	1086
    99  043F                     _TRISC7	set	1087
   100  04C1                     _TRMT	set	1217
   101  04C5                     _TXEN	set	1221
   102  040F                     _nRBPU	set	1039
   103                           
   104                           ; #config settings
   105  0000                     
   106                           	psect	cinit
   107  07FC                     start_initialization:	
   108  07FC                     __initialization:	
   109  07FC                     end_of_initialization:	
   110                           ;End of C runtime variable initialization code
   111                           
   112  07FC                     __end_of__initialization:	
   113  07FC  0183               	clrf	3
   114  07FD  120A  118A  2F59   	ljmp	_main	;jump to C main() function
   115                           
   116                           	psect	cstackCOMMON
   117  0070                     __pcstackCOMMON:	
   118  0070                     ?_I2C_Master_Wait:	
   119  0070                     ??_I2C_Master_Wait:	
   120                           ; 1 bytes @ 0x0
   121                           
   122  0070                     ?_I2C_Master_Start:	
   123                           ; 1 bytes @ 0x0
   124                           
   125  0070                     ??_I2C_Master_Start:	
   126                           ; 1 bytes @ 0x0
   127                           
   128  0070                     ?_I2C_Master_Stop:	
   129                           ; 1 bytes @ 0x0
   130                           
   131  0070                     ??_I2C_Master_Stop:	
   132                           ; 1 bytes @ 0x0
   133                           
   134  0070                     ?_I2C_Master_Write:	
   135                           ; 1 bytes @ 0x0
   136                           
   137  0070                     ?_main:	
   138                           ; 1 bytes @ 0x0
   139                           
   140  0070                     ?_I2C_Master_Read:	
   141                           ; 1 bytes @ 0x0
   142                           
   143  0070                     ?___lldiv:	
   144                           ; 2 bytes @ 0x0
   145                           
   146  0070                     I2C_Master_Write@d:	
   147                           ; 4 bytes @ 0x0
   148                           
   149  0070                     I2C_Master_Read@a:	
   150                           ; 2 bytes @ 0x0
   151                           
   152  0070                     ___lldiv@divisor:	
   153                           ; 2 bytes @ 0x0
   154                           
   155                           
   156                           ; 4 bytes @ 0x0
   157  0070                     	ds	2
   158  0072                     ??_I2C_Master_Write:	
   159  0072                     ??_I2C_Master_Read:	
   160                           ; 1 bytes @ 0x2
   161                           
   162                           
   163                           ; 1 bytes @ 0x2
   164  0072                     	ds	2
   165  0074                     I2C_Master_Read@temp:	
   166  0074                     ___lldiv@dividend:	
   167                           ; 2 bytes @ 0x4
   168                           
   169                           
   170                           ; 4 bytes @ 0x4
   171  0074                     	ds	4
   172  0078                     ??___lldiv:	
   173                           
   174                           ; 1 bytes @ 0x8
   175  0078                     	ds	1
   176  0079                     ___lldiv@quotient:	
   177                           
   178                           ; 4 bytes @ 0x9
   179  0079                     	ds	4
   180  007D                     ___lldiv@counter:	
   181                           
   182                           ; 1 bytes @ 0xD
   183  007D                     	ds	1
   184                           
   185                           	psect	cstackBANK0
   186  0020                     __pcstackBANK0:	
   187  0020                     ?_I2C_Master_Init:	
   188  0020                     I2C_Master_Init@c:	
   189                           ; 1 bytes @ 0x0
   190                           
   191                           
   192                           ; 4 bytes @ 0x0
   193  0020                     	ds	4
   194  0024                     ??_I2C_Master_Init:	
   195                           
   196                           ; 1 bytes @ 0x4
   197  0024                     	ds	4
   198  0028                     ??_main:	
   199                           
   200                           ; 1 bytes @ 0x8
   201  0028                     	ds	3
   202                           
   203                           	psect	maintext
   204  0759                     __pmaintext:	
   205 ;;
   206 ;;Main: autosize = 0, tempsize = 3, incstack = 0, save=0
   207 ;;
   208 ;; *************** function _main *****************
   209 ;; Defined at:
   210 ;;		line 116 in file "newmain.c"
   211 ;; Parameters:    Size  Location     Type
   212 ;;		None
   213 ;; Auto vars:     Size  Location     Type
   214 ;;		None
   215 ;; Return value:  Size  Location     Type
   216 ;;                  1    wreg      void 
   217 ;; Registers used:
   218 ;;		wreg, status,2, status,0, pclath, cstack
   219 ;; Tracked objects:
   220 ;;		On entry : B00/0
   221 ;;		On exit  : 0/0
   222 ;;		Unchanged: 0/0
   223 ;; Data sizes:     COMMON   BANK0   BANK1   BANK3   BANK2
   224 ;;      Params:         0       0       0       0       0
   225 ;;      Locals:         0       0       0       0       0
   226 ;;      Temps:          0       3       0       0       0
   227 ;;      Totals:         0       3       0       0       0
   228 ;;Total ram usage:        3 bytes
   229 ;; Hardware stack levels required when called:    2
   230 ;; This function calls:
   231 ;;		_I2C_Master_Init
   232 ;;		_I2C_Master_Read
   233 ;;		_I2C_Master_Start
   234 ;;		_I2C_Master_Stop
   235 ;;		_I2C_Master_Write
   236 ;; This function is called by:
   237 ;;		Startup code after reset
   238 ;; This function uses a non-reentrant model
   239 ;;
   240                           
   241                           
   242                           ;psect for function _main
   243  0759                     _main:	
   244                           
   245                           ;newmain.c: 118: nRBPU = 0;
   246                           
   247                           ;incstack = 0
   248                           ; Regs used in _main: [wreg+status,2+status,0+pclath+cstack]
   249  0759  1683               	bsf	3,5	;RP0=1, select bank1
   250  075A  1303               	bcf	3,6	;RP1=0, select bank1
   251  075B  1381               	bcf	1,7	;volatile
   252                           
   253                           ;newmain.c: 119: TRISB = 0xFF;
   254  075C  30FF               	movlw	255
   255  075D  0086               	movwf	6	;volatile
   256                           
   257                           ;newmain.c: 120: TRISD = 0x00;
   258  075E  0188               	clrf	8	;volatile
   259                           
   260                           ;newmain.c: 121: PORTD = 0x00;
   261  075F  1283               	bcf	3,5	;RP0=0, select bank0
   262  0760  1303               	bcf	3,6	;RP1=0, select bank0
   263  0761  0188               	clrf	8	;volatile
   264                           
   265                           ;newmain.c: 122: I2C_Master_Init(100000);
   266  0762  3000               	movlw	0
   267  0763  00A3               	movwf	I2C_Master_Init@c+3
   268  0764  3001               	movlw	1
   269  0765  00A2               	movwf	I2C_Master_Init@c+2
   270  0766  3086               	movlw	134
   271  0767  00A1               	movwf	I2C_Master_Init@c+1
   272  0768  30A0               	movlw	160
   273  0769  00A0               	movwf	I2C_Master_Init@c
   274  076A  120A  118A  2723  120A  118A  	fcall	_I2C_Master_Init
   275  076F                     l764:	
   276                           ;newmain.c: 123: while(1)
   277                           
   278                           
   279                           ;newmain.c: 124: {
   280                           ;newmain.c: 130: I2C_Master_Start();
   281  076F  120A  118A  26D8  120A  118A  	fcall	_I2C_Master_Start
   282                           
   283                           ;newmain.c: 131: I2C_Master_Write(0x31);
   284  0774  3031               	movlw	49
   285  0775  00F0               	movwf	I2C_Master_Write@d
   286  0776  3000               	movlw	0
   287  0777  00F1               	movwf	I2C_Master_Write@d+1
   288  0778  120A  118A  26E6  120A  118A  	fcall	_I2C_Master_Write
   289                           
   290                           ;newmain.c: 132: PORTD = I2C_Master_Read(0);
   291  077D  3000               	movlw	0
   292  077E  00F0               	movwf	I2C_Master_Read@a
   293  077F  00F1               	movwf	I2C_Master_Read@a+1
   294  0780  120A  118A  26F7  120A  118A  	fcall	_I2C_Master_Read
   295  0785  0870               	movf	?_I2C_Master_Read,w
   296  0786  1283               	bcf	3,5	;RP0=0, select bank0
   297  0787  1303               	bcf	3,6	;RP1=0, select bank0
   298  0788  0088               	movwf	8	;volatile
   299                           
   300                           ;newmain.c: 133: I2C_Master_Stop();
   301  0789  120A  118A  26DF  120A  118A  	fcall	_I2C_Master_Stop
   302                           
   303                           ;newmain.c: 134: _delay((unsigned long)((200)*(4000000/4000.0)));
   304  078E  3002               	movlw	2
   305  078F  1283               	bcf	3,5	;RP0=0, select bank0
   306  0790  1303               	bcf	3,6	;RP1=0, select bank0
   307  0791  00AA               	movwf	??_main+2
   308  0792  3004               	movlw	4
   309  0793  00A9               	movwf	??_main+1
   310  0794  30BA               	movlw	186
   311  0795  00A8               	movwf	??_main
   312  0796                     u337:	
   313  0796  0BA8               	decfsz	??_main,f
   314  0797  2F96               	goto	u337
   315  0798  0BA9               	decfsz	??_main+1,f
   316  0799  2F96               	goto	u337
   317  079A  0BAA               	decfsz	??_main+2,f
   318  079B  2F96               	goto	u337
   319  079C  0000               	nop
   320  079D  2F6F               	goto	l764
   321  079E                     __end_of_main:	
   322                           
   323                           	psect	text1
   324  06E6                     __ptext1:	
   325 ;; *************** function _I2C_Master_Write *****************
   326 ;; Defined at:
   327 ;;		line 97 in file "newmain.c"
   328 ;; Parameters:    Size  Location     Type
   329 ;;  d               2    0[COMMON] unsigned int 
   330 ;; Auto vars:     Size  Location     Type
   331 ;;		None
   332 ;; Return value:  Size  Location     Type
   333 ;;                  1    wreg      void 
   334 ;; Registers used:
   335 ;;		wreg, status,2, status,0, pclath, cstack
   336 ;; Tracked objects:
   337 ;;		On entry : 0/0
   338 ;;		On exit  : 0/0
   339 ;;		Unchanged: 0/0
   340 ;; Data sizes:     COMMON   BANK0   BANK1   BANK3   BANK2
   341 ;;      Params:         2       0       0       0       0
   342 ;;      Locals:         0       0       0       0       0
   343 ;;      Temps:          0       0       0       0       0
   344 ;;      Totals:         2       0       0       0       0
   345 ;;Total ram usage:        2 bytes
   346 ;; Hardware stack levels used:    1
   347 ;; Hardware stack levels required when called:    1
   348 ;; This function calls:
   349 ;;		_I2C_Master_Wait
   350 ;; This function is called by:
   351 ;;		_main
   352 ;; This function uses a non-reentrant model
   353 ;;
   354                           
   355                           
   356                           ;psect for function _I2C_Master_Write
   357  06E6                     _I2C_Master_Write:	
   358                           
   359                           ;newmain.c: 99: I2C_Master_Wait();
   360                           
   361                           ;incstack = 0
   362                           ; Regs used in _I2C_Master_Write: [wreg+status,2+status,0+pclath+cstack]
   363  06E6  120A  118A  26EE   	fcall	_I2C_Master_Wait
   364                           
   365                           ;newmain.c: 100: SSPBUF = d;
   366  06E9  0870               	movf	I2C_Master_Write@d,w
   367  06EA  1283               	bcf	3,5	;RP0=0, select bank0
   368  06EB  1303               	bcf	3,6	;RP1=0, select bank0
   369  06EC  0093               	movwf	19	;volatile
   370  06ED  0008               	return
   371  06EE                     __end_of_I2C_Master_Write:	
   372                           
   373                           	psect	text2
   374  06DF                     __ptext2:	
   375 ;; *************** function _I2C_Master_Stop *****************
   376 ;; Defined at:
   377 ;;		line 91 in file "newmain.c"
   378 ;; Parameters:    Size  Location     Type
   379 ;;		None
   380 ;; Auto vars:     Size  Location     Type
   381 ;;		None
   382 ;; Return value:  Size  Location     Type
   383 ;;                  1    wreg      void 
   384 ;; Registers used:
   385 ;;		wreg, status,2, status,0, pclath, cstack
   386 ;; Tracked objects:
   387 ;;		On entry : 0/0
   388 ;;		On exit  : 0/0
   389 ;;		Unchanged: 0/0
   390 ;; Data sizes:     COMMON   BANK0   BANK1   BANK3   BANK2
   391 ;;      Params:         0       0       0       0       0
   392 ;;      Locals:         0       0       0       0       0
   393 ;;      Temps:          0       0       0       0       0
   394 ;;      Totals:         0       0       0       0       0
   395 ;;Total ram usage:        0 bytes
   396 ;; Hardware stack levels used:    1
   397 ;; Hardware stack levels required when called:    1
   398 ;; This function calls:
   399 ;;		_I2C_Master_Wait
   400 ;; This function is called by:
   401 ;;		_main
   402 ;; This function uses a non-reentrant model
   403 ;;
   404                           
   405                           
   406                           ;psect for function _I2C_Master_Stop
   407  06DF                     _I2C_Master_Stop:	
   408                           
   409                           ;newmain.c: 93: I2C_Master_Wait();
   410                           
   411                           ;incstack = 0
   412                           ; Regs used in _I2C_Master_Stop: [wreg+status,2+status,0+pclath+cstack]
   413  06DF  120A  118A  26EE   	fcall	_I2C_Master_Wait
   414                           
   415                           ;newmain.c: 94: PEN = 1;
   416  06E2  1683               	bsf	3,5	;RP0=1, select bank1
   417  06E3  1303               	bcf	3,6	;RP1=0, select bank1
   418  06E4  1511               	bsf	17,2	;volatile
   419  06E5  0008               	return
   420  06E6                     __end_of_I2C_Master_Stop:	
   421                           
   422                           	psect	text3
   423  06D8                     __ptext3:	
   424 ;; *************** function _I2C_Master_Start *****************
   425 ;; Defined at:
   426 ;;		line 79 in file "newmain.c"
   427 ;; Parameters:    Size  Location     Type
   428 ;;		None
   429 ;; Auto vars:     Size  Location     Type
   430 ;;		None
   431 ;; Return value:  Size  Location     Type
   432 ;;                  1    wreg      void 
   433 ;; Registers used:
   434 ;;		wreg, status,2, status,0, pclath, cstack
   435 ;; Tracked objects:
   436 ;;		On entry : 0/0
   437 ;;		On exit  : 0/0
   438 ;;		Unchanged: 0/0
   439 ;; Data sizes:     COMMON   BANK0   BANK1   BANK3   BANK2
   440 ;;      Params:         0       0       0       0       0
   441 ;;      Locals:         0       0       0       0       0
   442 ;;      Temps:          0       0       0       0       0
   443 ;;      Totals:         0       0       0       0       0
   444 ;;Total ram usage:        0 bytes
   445 ;; Hardware stack levels used:    1
   446 ;; Hardware stack levels required when called:    1
   447 ;; This function calls:
   448 ;;		_I2C_Master_Wait
   449 ;; This function is called by:
   450 ;;		_main
   451 ;; This function uses a non-reentrant model
   452 ;;
   453                           
   454                           
   455                           ;psect for function _I2C_Master_Start
   456  06D8                     _I2C_Master_Start:	
   457                           
   458                           ;newmain.c: 81: I2C_Master_Wait();
   459                           
   460                           ;incstack = 0
   461                           ; Regs used in _I2C_Master_Start: [wreg+status,2+status,0+pclath+cstack]
   462  06D8  120A  118A  26EE   	fcall	_I2C_Master_Wait
   463                           
   464                           ;newmain.c: 82: SEN = 1;
   465  06DB  1683               	bsf	3,5	;RP0=1, select bank1
   466  06DC  1303               	bcf	3,6	;RP1=0, select bank1
   467  06DD  1411               	bsf	17,0	;volatile
   468  06DE  0008               	return
   469  06DF                     __end_of_I2C_Master_Start:	
   470                           
   471                           	psect	text4
   472  06F7                     __ptext4:	
   473 ;; *************** function _I2C_Master_Read *****************
   474 ;; Defined at:
   475 ;;		line 103 in file "newmain.c"
   476 ;; Parameters:    Size  Location     Type
   477 ;;  a               2    0[COMMON] unsigned short 
   478 ;; Auto vars:     Size  Location     Type
   479 ;;  temp            2    4[COMMON] unsigned short 
   480 ;; Return value:  Size  Location     Type
   481 ;;                  2    0[COMMON] unsigned short 
   482 ;; Registers used:
   483 ;;		wreg, status,2, status,0, pclath, cstack
   484 ;; Tracked objects:
   485 ;;		On entry : 0/0
   486 ;;		On exit  : 0/0
   487 ;;		Unchanged: 0/0
   488 ;; Data sizes:     COMMON   BANK0   BANK1   BANK3   BANK2
   489 ;;      Params:         2       0       0       0       0
   490 ;;      Locals:         2       0       0       0       0
   491 ;;      Temps:          2       0       0       0       0
   492 ;;      Totals:         6       0       0       0       0
   493 ;;Total ram usage:        6 bytes
   494 ;; Hardware stack levels used:    1
   495 ;; Hardware stack levels required when called:    1
   496 ;; This function calls:
   497 ;;		_I2C_Master_Wait
   498 ;; This function is called by:
   499 ;;		_main
   500 ;; This function uses a non-reentrant model
   501 ;;
   502                           
   503                           
   504                           ;psect for function _I2C_Master_Read
   505  06F7                     _I2C_Master_Read:	
   506                           
   507                           ;newmain.c: 105: unsigned short temp;
   508                           ;newmain.c: 106: I2C_Master_Wait();
   509                           
   510                           ;incstack = 0
   511                           ; Regs used in _I2C_Master_Read: [wreg+status,2+status,0+pclath+cstack]
   512  06F7  120A  118A  26EE  120A  118A  	fcall	_I2C_Master_Wait
   513                           
   514                           ;newmain.c: 107: RCEN = 1;
   515  06FC  1683               	bsf	3,5	;RP0=1, select bank1
   516  06FD  1303               	bcf	3,6	;RP1=0, select bank1
   517  06FE  1591               	bsf	17,3	;volatile
   518                           
   519                           ;newmain.c: 108: I2C_Master_Wait();
   520  06FF  120A  118A  26EE  120A  118A  	fcall	_I2C_Master_Wait
   521                           
   522                           ;newmain.c: 109: temp = SSPBUF;
   523  0704  1283               	bcf	3,5	;RP0=0, select bank0
   524  0705  1303               	bcf	3,6	;RP1=0, select bank0
   525  0706  0813               	movf	19,w	;volatile
   526  0707  00F2               	movwf	??_I2C_Master_Read
   527  0708  01F3               	clrf	??_I2C_Master_Read+1
   528  0709  0872               	movf	??_I2C_Master_Read,w
   529  070A  00F4               	movwf	I2C_Master_Read@temp
   530  070B  0873               	movf	??_I2C_Master_Read+1,w
   531  070C  00F5               	movwf	I2C_Master_Read@temp+1
   532                           
   533                           ;newmain.c: 110: I2C_Master_Wait();
   534  070D  120A  118A  26EE  120A  118A  	fcall	_I2C_Master_Wait
   535                           
   536                           ;newmain.c: 111: ACKDT = (a)?0:1;
   537  0712  0870               	movf	I2C_Master_Read@a,w
   538  0713  0471               	iorwf	I2C_Master_Read@a+1,w
   539  0714  1D03               	btfss	3,2
   540  0715  2F1A               	goto	u310
   541  0716  1683               	bsf	3,5	;RP0=1, select bank1
   542  0717  1303               	bcf	3,6	;RP1=0, select bank1
   543  0718  1691               	bsf	17,5	;volatile
   544  0719  2F1D               	goto	l748
   545  071A                     u310:	
   546  071A  1683               	bsf	3,5	;RP0=1, select bank1
   547  071B  1303               	bcf	3,6	;RP1=0, select bank1
   548  071C  1291               	bcf	17,5	;volatile
   549  071D                     l748:	
   550                           
   551                           ;newmain.c: 112: ACKEN = 1;
   552  071D  1611               	bsf	17,4	;volatile
   553                           
   554                           ;newmain.c: 113: return temp;
   555  071E  0875               	movf	I2C_Master_Read@temp+1,w
   556  071F  00F1               	movwf	?_I2C_Master_Read+1
   557  0720  0874               	movf	I2C_Master_Read@temp,w
   558  0721  00F0               	movwf	?_I2C_Master_Read
   559  0722  0008               	return
   560  0723                     __end_of_I2C_Master_Read:	
   561                           
   562                           	psect	text5
   563  06EE                     __ptext5:	
   564 ;; *************** function _I2C_Master_Wait *****************
   565 ;; Defined at:
   566 ;;		line 74 in file "newmain.c"
   567 ;; Parameters:    Size  Location     Type
   568 ;;		None
   569 ;; Auto vars:     Size  Location     Type
   570 ;;		None
   571 ;; Return value:  Size  Location     Type
   572 ;;                  1    wreg      void 
   573 ;; Registers used:
   574 ;;		wreg, status,2
   575 ;; Tracked objects:
   576 ;;		On entry : 0/0
   577 ;;		On exit  : 0/0
   578 ;;		Unchanged: 0/0
   579 ;; Data sizes:     COMMON   BANK0   BANK1   BANK3   BANK2
   580 ;;      Params:         0       0       0       0       0
   581 ;;      Locals:         0       0       0       0       0
   582 ;;      Temps:          0       0       0       0       0
   583 ;;      Totals:         0       0       0       0       0
   584 ;;Total ram usage:        0 bytes
   585 ;; Hardware stack levels used:    1
   586 ;; This function calls:
   587 ;;		Nothing
   588 ;; This function is called by:
   589 ;;		_I2C_Master_Start
   590 ;;		_I2C_Master_Stop
   591 ;;		_I2C_Master_Write
   592 ;;		_I2C_Master_Read
   593 ;;		_I2C_Master_RepeatedStart
   594 ;; This function uses a non-reentrant model
   595 ;;
   596                           
   597                           
   598                           ;psect for function _I2C_Master_Wait
   599  06EE                     _I2C_Master_Wait:	
   600  06EE                     l82:	
   601                           ;newmain.c: 76: while ((SSPSTAT & 0x04) || (SSPCON2 & 0x1F));
   602                           
   603                           ;incstack = 0
   604                           ; Regs used in _I2C_Master_Wait: [wreg+status,2]
   605                           
   606  06EE  1683               	bsf	3,5	;RP0=1, select bank1
   607  06EF  1303               	bcf	3,6	;RP1=0, select bank1
   608  06F0  1914               	btfsc	20,2	;volatile
   609  06F1  2EEE               	goto	l82
   610  06F2  0811               	movf	17,w	;volatile
   611  06F3  391F               	andlw	31
   612  06F4  1903               	btfsc	3,2
   613  06F5  0008               	return
   614  06F6  2EEE               	goto	l82
   615  06F7                     __end_of_I2C_Master_Wait:	
   616                           
   617                           	psect	text6
   618  0723                     __ptext6:	
   619 ;; *************** function _I2C_Master_Init *****************
   620 ;; Defined at:
   621 ;;		line 64 in file "newmain.c"
   622 ;; Parameters:    Size  Location     Type
   623 ;;  c               4    0[BANK0 ] const unsigned long 
   624 ;; Auto vars:     Size  Location     Type
   625 ;;		None
   626 ;; Return value:  Size  Location     Type
   627 ;;                  1    wreg      void 
   628 ;; Registers used:
   629 ;;		wreg, status,2, status,0, pclath, cstack
   630 ;; Tracked objects:
   631 ;;		On entry : 0/0
   632 ;;		On exit  : 0/0
   633 ;;		Unchanged: 0/0
   634 ;; Data sizes:     COMMON   BANK0   BANK1   BANK3   BANK2
   635 ;;      Params:         0       4       0       0       0
   636 ;;      Locals:         0       0       0       0       0
   637 ;;      Temps:          0       4       0       0       0
   638 ;;      Totals:         0       8       0       0       0
   639 ;;Total ram usage:        8 bytes
   640 ;; Hardware stack levels used:    1
   641 ;; Hardware stack levels required when called:    1
   642 ;; This function calls:
   643 ;;		___lldiv
   644 ;; This function is called by:
   645 ;;		_main
   646 ;; This function uses a non-reentrant model
   647 ;;
   648                           
   649                           
   650                           ;psect for function _I2C_Master_Init
   651  0723                     _I2C_Master_Init:	
   652                           
   653                           ;newmain.c: 66: SSPCON = 0b00101000;
   654                           
   655                           ;incstack = 0
   656                           ; Regs used in _I2C_Master_Init: [wreg+status,2+status,0+pclath+cstack]
   657  0723  3028               	movlw	40
   658  0724  1283               	bcf	3,5	;RP0=0, select bank0
   659  0725  1303               	bcf	3,6	;RP1=0, select bank0
   660  0726  0094               	movwf	20	;volatile
   661                           
   662                           ;newmain.c: 67: SSPCON2 = 0;
   663  0727  1683               	bsf	3,5	;RP0=1, select bank1
   664  0728  1303               	bcf	3,6	;RP1=0, select bank1
   665  0729  0191               	clrf	17	;volatile
   666                           
   667                           ;newmain.c: 68: SSPADD = (4000000/(4*c))-1;
   668  072A  1283               	bcf	3,5	;RP0=0, select bank0
   669  072B  1303               	bcf	3,6	;RP1=0, select bank0
   670  072C  0820               	movf	I2C_Master_Init@c,w
   671  072D  00A4               	movwf	??_I2C_Master_Init
   672  072E  0821               	movf	I2C_Master_Init@c+1,w
   673  072F  00A5               	movwf	??_I2C_Master_Init+1
   674  0730  0822               	movf	I2C_Master_Init@c+2,w
   675  0731  00A6               	movwf	??_I2C_Master_Init+2
   676  0732  0823               	movf	I2C_Master_Init@c+3,w
   677  0733  00A7               	movwf	??_I2C_Master_Init+3
   678  0734  3002               	movlw	2
   679  0735                     u305:	
   680  0735  1003               	clrc
   681  0736  0DA4               	rlf	??_I2C_Master_Init,f
   682  0737  0DA5               	rlf	??_I2C_Master_Init+1,f
   683  0738  0DA6               	rlf	??_I2C_Master_Init+2,f
   684  0739  0DA7               	rlf	??_I2C_Master_Init+3,f
   685  073A  3EFF               	addlw	-1
   686  073B  1D03               	skipz
   687  073C  2F35               	goto	u305
   688  073D  0827               	movf	??_I2C_Master_Init+3,w
   689  073E  00F3               	movwf	___lldiv@divisor+3
   690  073F  0826               	movf	??_I2C_Master_Init+2,w
   691  0740  00F2               	movwf	___lldiv@divisor+2
   692  0741  0825               	movf	??_I2C_Master_Init+1,w
   693  0742  00F1               	movwf	___lldiv@divisor+1
   694  0743  0824               	movf	??_I2C_Master_Init,w
   695  0744  00F0               	movwf	___lldiv@divisor
   696  0745  3000               	movlw	0
   697  0746  00F7               	movwf	___lldiv@dividend+3
   698  0747  303D               	movlw	61
   699  0748  00F6               	movwf	___lldiv@dividend+2
   700  0749  3009               	movlw	9
   701  074A  00F5               	movwf	___lldiv@dividend+1
   702  074B  3000               	movlw	0
   703  074C  00F4               	movwf	___lldiv@dividend
   704  074D  120A  118A  279E   	fcall	___lldiv
   705  0750  0870               	movf	?___lldiv,w
   706  0751  3EFF               	addlw	255
   707  0752  1683               	bsf	3,5	;RP0=1, select bank1
   708  0753  1303               	bcf	3,6	;RP1=0, select bank1
   709  0754  0093               	movwf	19	;volatile
   710                           
   711                           ;newmain.c: 69: SSPSTAT = 0;
   712  0755  0194               	clrf	20	;volatile
   713                           
   714                           ;newmain.c: 70: TRISC3 = 1;
   715  0756  1587               	bsf	7,3	;volatile
   716                           
   717                           ;newmain.c: 71: TRISC4 = 1;
   718  0757  1607               	bsf	7,4	;volatile
   719  0758  0008               	return
   720  0759                     __end_of_I2C_Master_Init:	
   721                           
   722                           	psect	text7
   723  079E                     __ptext7:	
   724 ;; *************** function ___lldiv *****************
   725 ;; Defined at:
   726 ;;		line 6 in file "C:\Program Files (x86)\Microchip\xc8\v1.37\sources\common\lldiv.c"
   727 ;; Parameters:    Size  Location     Type
   728 ;;  divisor         4    0[COMMON] unsigned long 
   729 ;;  dividend        4    4[COMMON] unsigned long 
   730 ;; Auto vars:     Size  Location     Type
   731 ;;  quotient        4    9[COMMON] unsigned long 
   732 ;;  counter         1   13[COMMON] unsigned char 
   733 ;; Return value:  Size  Location     Type
   734 ;;                  4    0[COMMON] unsigned long 
   735 ;; Registers used:
   736 ;;		wreg, status,2, status,0
   737 ;; Tracked objects:
   738 ;;		On entry : 0/0
   739 ;;		On exit  : 0/0
   740 ;;		Unchanged: 0/0
   741 ;; Data sizes:     COMMON   BANK0   BANK1   BANK3   BANK2
   742 ;;      Params:         8       0       0       0       0
   743 ;;      Locals:         5       0       0       0       0
   744 ;;      Temps:          1       0       0       0       0
   745 ;;      Totals:        14       0       0       0       0
   746 ;;Total ram usage:       14 bytes
   747 ;; Hardware stack levels used:    1
   748 ;; This function calls:
   749 ;;		Nothing
   750 ;; This function is called by:
   751 ;;		_I2C_Master_Init
   752 ;; This function uses a non-reentrant model
   753 ;;
   754                           
   755                           
   756                           ;psect for function ___lldiv
   757  079E                     ___lldiv:	
   758                           
   759                           ;incstack = 0
   760                           ; Regs used in ___lldiv: [wreg+status,2+status,0]
   761  079E  3000               	movlw	0
   762  079F  00FC               	movwf	___lldiv@quotient+3
   763  07A0  3000               	movlw	0
   764  07A1  00FB               	movwf	___lldiv@quotient+2
   765  07A2  3000               	movlw	0
   766  07A3  00FA               	movwf	___lldiv@quotient+1
   767  07A4  3000               	movlw	0
   768  07A5  00F9               	movwf	___lldiv@quotient
   769  07A6  0873               	movf	___lldiv@divisor+3,w
   770  07A7  0472               	iorwf	___lldiv@divisor+2,w
   771  07A8  0471               	iorwf	___lldiv@divisor+1,w
   772  07A9  0470               	iorwf	___lldiv@divisor,w
   773  07AA  1903               	skipnz
   774  07AB  2FF3               	goto	l718
   775  07AC  01FD               	clrf	___lldiv@counter
   776  07AD  0AFD               	incf	___lldiv@counter,f
   777  07AE                     l704:	
   778  07AE  1BF3               	btfsc	___lldiv@divisor+3,7
   779  07AF  2FBE               	goto	l706
   780  07B0  3001               	movlw	1
   781  07B1  00F8               	movwf	??___lldiv
   782  07B2                     u245:	
   783  07B2  1003               	clrc
   784  07B3  0DF0               	rlf	___lldiv@divisor,f
   785  07B4  0DF1               	rlf	___lldiv@divisor+1,f
   786  07B5  0DF2               	rlf	___lldiv@divisor+2,f
   787  07B6  0DF3               	rlf	___lldiv@divisor+3,f
   788  07B7  0BF8               	decfsz	??___lldiv,f
   789  07B8  2FB2               	goto	u245
   790  07B9  3001               	movlw	1
   791  07BA  00F8               	movwf	??___lldiv
   792  07BB  0878               	movf	??___lldiv,w
   793  07BC  07FD               	addwf	___lldiv@counter,f
   794  07BD  2FAE               	goto	l704
   795  07BE                     l706:	
   796  07BE  3001               	movlw	1
   797  07BF  00F8               	movwf	??___lldiv
   798  07C0                     u265:	
   799  07C0  1003               	clrc
   800  07C1  0DF9               	rlf	___lldiv@quotient,f
   801  07C2  0DFA               	rlf	___lldiv@quotient+1,f
   802  07C3  0DFB               	rlf	___lldiv@quotient+2,f
   803  07C4  0DFC               	rlf	___lldiv@quotient+3,f
   804  07C5  0BF8               	decfsz	??___lldiv,f
   805  07C6  2FC0               	goto	u265
   806  07C7  0873               	movf	___lldiv@divisor+3,w
   807  07C8  0277               	subwf	___lldiv@dividend+3,w
   808  07C9  1D03               	skipz
   809  07CA  2FD5               	goto	u275
   810  07CB  0872               	movf	___lldiv@divisor+2,w
   811  07CC  0276               	subwf	___lldiv@dividend+2,w
   812  07CD  1D03               	skipz
   813  07CE  2FD5               	goto	u275
   814  07CF  0871               	movf	___lldiv@divisor+1,w
   815  07D0  0275               	subwf	___lldiv@dividend+1,w
   816  07D1  1D03               	skipz
   817  07D2  2FD5               	goto	u275
   818  07D3  0870               	movf	___lldiv@divisor,w
   819  07D4  0274               	subwf	___lldiv@dividend,w
   820  07D5                     u275:	
   821  07D5  1C03               	skipc
   822  07D6  2FE6               	goto	l714
   823  07D7  0870               	movf	___lldiv@divisor,w
   824  07D8  02F4               	subwf	___lldiv@dividend,f
   825  07D9  0871               	movf	___lldiv@divisor+1,w
   826  07DA  1C03               	skipc
   827  07DB  0F71               	incfsz	___lldiv@divisor+1,w
   828  07DC  02F5               	subwf	___lldiv@dividend+1,f
   829  07DD  0872               	movf	___lldiv@divisor+2,w
   830  07DE  1C03               	skipc
   831  07DF  0F72               	incfsz	___lldiv@divisor+2,w
   832  07E0  02F6               	subwf	___lldiv@dividend+2,f
   833  07E1  0873               	movf	___lldiv@divisor+3,w
   834  07E2  1C03               	skipc
   835  07E3  0F73               	incfsz	___lldiv@divisor+3,w
   836  07E4  02F7               	subwf	___lldiv@dividend+3,f
   837  07E5  1479               	bsf	___lldiv@quotient,0
   838  07E6                     l714:	
   839  07E6  3001               	movlw	1
   840  07E7                     u285:	
   841  07E7  1003               	clrc
   842  07E8  0CF3               	rrf	___lldiv@divisor+3,f
   843  07E9  0CF2               	rrf	___lldiv@divisor+2,f
   844  07EA  0CF1               	rrf	___lldiv@divisor+1,f
   845  07EB  0CF0               	rrf	___lldiv@divisor,f
   846  07EC  3EFF               	addlw	-1
   847  07ED  1D03               	skipz
   848  07EE  2FE7               	goto	u285
   849  07EF  3001               	movlw	1
   850  07F0  02FD               	subwf	___lldiv@counter,f
   851  07F1  1D03               	btfss	3,2
   852  07F2  2FBE               	goto	l706
   853  07F3                     l718:	
   854  07F3  087C               	movf	___lldiv@quotient+3,w
   855  07F4  00F3               	movwf	?___lldiv+3
   856  07F5  087B               	movf	___lldiv@quotient+2,w
   857  07F6  00F2               	movwf	?___lldiv+2
   858  07F7  087A               	movf	___lldiv@quotient+1,w
   859  07F8  00F1               	movwf	?___lldiv+1
   860  07F9  0879               	movf	___lldiv@quotient,w
   861  07FA  00F0               	movwf	?___lldiv
   862  07FB  0008               	return
   863  07FC                     __end_of___lldiv:	
   864  007E                     btemp	set	126	;btemp
   865  007E                     wtemp	set	126
   866  007E                     wtemp0	set	126
   867  0080                     wtemp1	set	128
   868  0082                     wtemp2	set	130
   869  0084                     wtemp3	set	132
   870  0086                     wtemp4	set	134
   871  0088                     wtemp5	set	136
   872  007F                     wtemp6	set	127
   873  007E                     ttemp	set	126
   874  007E                     ttemp0	set	126
   875  0081                     ttemp1	set	129
   876  0084                     ttemp2	set	132
   877  0087                     ttemp3	set	135
   878  007F                     ttemp4	set	127
   879  007E                     ltemp	set	126
   880  007E                     ltemp0	set	126
   881  0082                     ltemp1	set	130
   882  0086                     ltemp2	set	134
   883  0080                     ltemp3	set	128


Data Sizes:
    Strings     0
    Constant    0
    Data        0
    BSS         0
    Persistent  0
    Stack       0

Auto Spaces:
    Space          Size  Autos    Used
    COMMON           14     14      14
    BANK0            80     11      11
    BANK1            80      0       0
    BANK3            96      0       0
    BANK2            96      0       0

Pointer List with Targets:

    None.

Critical Paths under _main in COMMON

    _I2C_Master_Init->___lldiv

Critical Paths under _main in BANK0

    _main->_I2C_Master_Init

Critical Paths under _main in BANK1

    None.

Critical Paths under _main in BANK3

    None.

Critical Paths under _main in BANK2

    None.

Call Graph Tables:

 ---------------------------------------------------------------------------------
 (Depth) Function   	        Calls       Base Space   Used Autos Params    Refs
 ---------------------------------------------------------------------------------
 (0) _main                                                 3     3      0     516
                                              8 BANK0      3     3      0
                    _I2C_Master_Init
                    _I2C_Master_Read
                   _I2C_Master_Start
                    _I2C_Master_Stop
                   _I2C_Master_Write
 ---------------------------------------------------------------------------------
 (1) _I2C_Master_Write                                     2     0      2      75
                                              0 COMMON     2     0      2
                    _I2C_Master_Wait
 ---------------------------------------------------------------------------------
 (1) _I2C_Master_Stop                                      0     0      0       0
                    _I2C_Master_Wait
 ---------------------------------------------------------------------------------
 (1) _I2C_Master_Start                                     0     0      0       0
                    _I2C_Master_Wait
 ---------------------------------------------------------------------------------
 (1) _I2C_Master_Read                                      6     4      2      98
                                              0 COMMON     6     4      2
                    _I2C_Master_Wait
 ---------------------------------------------------------------------------------
 (2) _I2C_Master_Wait                                      0     0      0       0
 ---------------------------------------------------------------------------------
 (1) _I2C_Master_Init                                      8     4      4     343
                                              0 BANK0      8     4      4
                            ___lldiv
 ---------------------------------------------------------------------------------
 (2) ___lldiv                                             14     6      8     268
                                              0 COMMON    14     6      8
 ---------------------------------------------------------------------------------
 Estimated maximum stack depth 2
 ---------------------------------------------------------------------------------

 Call Graph Graphs:

 _main (ROOT)
   _I2C_Master_Init
     ___lldiv
   _I2C_Master_Read
     _I2C_Master_Wait
   _I2C_Master_Start
     _I2C_Master_Wait
   _I2C_Master_Stop
     _I2C_Master_Wait
   _I2C_Master_Write
     _I2C_Master_Wait

 Address spaces:
Name               Size   Autos  Total    Cost      Usage
BITCOMMON            E      0       0       0        0.0%
EEDATA             100      0       0       0        0.0%
NULL                 0      0       0       0        0.0%
CODE                 0      0       0       0        0.0%
COMMON               E      E       E       1      100.0%
BITSFR0              0      0       0       1        0.0%
SFR0                 0      0       0       1        0.0%
BITSFR1              0      0       0       2        0.0%
SFR1                 0      0       0       2        0.0%
STACK                0      0       0       2        0.0%
ABS                  0      0       0       3        0.0%
BITBANK0            50      0       0       4        0.0%
BITSFR3              0      0       0       4        0.0%
SFR3                 0      0       0       4        0.0%
BANK0               50      B       B       5       13.8%
BITSFR2              0      0       0       5        0.0%
SFR2                 0      0       0       5        0.0%
BITBANK1            50      0       0       6        0.0%
BANK1               50      0       0       7        0.0%
BITBANK3            60      0       0       8        0.0%
BANK3               60      0       0       9        0.0%
BITBANK2            60      0       0      10        0.0%
BANK2               60      0       0      11        0.0%
DATA                 0      0       0      12        0.0%


Microchip Technology PIC Macro Assembler V1.37 build -260352376 
Symbol Table                                                                                   Tue Nov 21 18:25:12 2017

              __CFG_CP$OFF 0000                         l82 06EE                        l704 07AE  
                      l714 07E6                        l706 07BE                        l718 07F3  
                      l748 071D                        l764 076F                        u310 071A  
                      u305 0735                        u245 07B2                        _PEN 048A  
                      u265 07C0                        u337 0796               __CFG_CPD$OFF 0000  
                      u275 07D5                        u285 07E7                        _SEN 0488  
             __CFG_FOSC$XT 0000               __CFG_LVP$OFF 0000                       _BRGH 04C2  
                     _CREN 00C4                       _RCEN 048B                       _SPEN 00C7  
                     _RSEN 0489                       _TRMT 04C1                       _TXEN 04C5  
                     _SYNC 04C4               __CFG_WRT$OFF 0000                       _main 0759  
                     btemp 007E                       ltemp 007E                       start 0000  
                     ttemp 007E                       wtemp 007E           ?_I2C_Master_Init 0020  
         ?_I2C_Master_Read 0070           ?_I2C_Master_Wait 0070           ?_I2C_Master_Stop 0070  
                    ?_main 0070                      _ACKEN 048C                      _ACKDT 048D  
            __CFG_WDTE$OFF 0000            __end_of___lldiv 07FC                      _SPBRG 0099  
                    _PORTD 0008                      _TRISB 0086                      _TRISD 0088  
                    _TXREG 0019                      _nRBPU 040F             __CFG_BOREN$OFF 0000  
                    ltemp0 007E                      ltemp1 0082                      ltemp2 0086  
                    ltemp3 0080                      ttemp0 007E                      ttemp1 0081  
                    ttemp2 0084                      ttemp3 0087                      ttemp4 007F  
                    status 0003                      wtemp0 007E                      wtemp1 0080  
                    wtemp2 0082                      wtemp3 0084                      wtemp4 0086  
                    wtemp5 0088                      wtemp6 007F            __initialization 07FC  
             __end_of_main 079E                     ??_main 0028          ?_I2C_Master_Start 0070  
        ?_I2C_Master_Write 0070         ??_I2C_Master_Start 0070         ??_I2C_Master_Write 0072  
                   _SSPADD 0093                     _TRISC3 043B                     _TRISC4 043C  
                   _TRISC6 043E                     _TRISC7 043F                     _SSPCON 0014  
                   _SSPBUF 0013             __CFG_PWRTE$OFF 0000                  ??___lldiv 0078  
  __end_of__initialization 07FC             __pcstackCOMMON 0070                 __pmaintext 0759  
                  _SSPCON2 0091                    _SSPSTAT 0094                    ___lldiv 079E  
                  __ptext1 06E6                    __ptext2 06DF                    __ptext3 06D8  
                  __ptext4 06F7                    __ptext5 06EE                    __ptext6 0723  
                  __ptext7 079E   __size_of_I2C_Master_Init 0036   __size_of_I2C_Master_Read 002C  
 __size_of_I2C_Master_Wait 0009   __size_of_I2C_Master_Stop 0007       end_of_initialization 07FC  
__size_of_I2C_Master_Start 0007  __size_of_I2C_Master_Write 0008            ___lldiv@divisor 0070  
          ___lldiv@counter 007D           I2C_Master_Init@c 0020           I2C_Master_Read@a 0070  
      start_initialization 07FC          ??_I2C_Master_Init 0024          ??_I2C_Master_Read 0072  
        ??_I2C_Master_Wait 0070          ??_I2C_Master_Stop 0070                  ___latbits 0002  
            __pcstackBANK0 0020           _I2C_Master_Start 06D8           _I2C_Master_Write 06E6  
                 ?___lldiv 0070        I2C_Master_Read@temp 0074           __size_of___lldiv 005E  
          _I2C_Master_Init 0723            _I2C_Master_Read 06F7            _I2C_Master_Wait 06EE  
          _I2C_Master_Stop 06DF              __size_of_main 0045   __end_of_I2C_Master_Start 06DF  
 __end_of_I2C_Master_Write 06EE           ___lldiv@dividend 0074    __end_of_I2C_Master_Init 0759  
  __end_of_I2C_Master_Read 0723    __end_of_I2C_Master_Wait 06F7    __end_of_I2C_Master_Stop 06E6  
         ___lldiv@quotient 0079          I2C_Master_Write@d 0070  
