

Microchip Technology PIC LITE Macro Assembler V1.37 build -260352376 
                                                                                               Tue Nov 21 18:27:01 2017

Microchip Technology Omniscient Code Generator v1.37 (Free mode) build 201603110536
     1                           	processor	16F876
     2                           	opt	pw 120
     3                           	opt	lm
     4                           	psect	cinit,global,class=CODE,merge=1,delta=2
     5                           	psect	bssCOMMON,global,class=COMMON,space=1,delta=1
     6                           	psect	cstackCOMMON,global,class=COMMON,space=1,delta=1
     7                           	psect	maintext,global,class=CODE,split=1,delta=2
     8                           	psect	text1,local,class=CODE,merge=1,delta=2
     9                           	dabs	1,0x7E,2
    10  0000                     	;# 
    11  0001                     	;# 
    12  0002                     	;# 
    13  0003                     	;# 
    14  0004                     	;# 
    15  0005                     	;# 
    16  0006                     	;# 
    17  0007                     	;# 
    18  000A                     	;# 
    19  000B                     	;# 
    20  000C                     	;# 
    21  000D                     	;# 
    22  000E                     	;# 
    23  000E                     	;# 
    24  000F                     	;# 
    25  0010                     	;# 
    26  0011                     	;# 
    27  0012                     	;# 
    28  0013                     	;# 
    29  0014                     	;# 
    30  0015                     	;# 
    31  0015                     	;# 
    32  0016                     	;# 
    33  0017                     	;# 
    34  0018                     	;# 
    35  0019                     	;# 
    36  001A                     	;# 
    37  001B                     	;# 
    38  001B                     	;# 
    39  001C                     	;# 
    40  001D                     	;# 
    41  001E                     	;# 
    42  001F                     	;# 
    43  0081                     	;# 
    44  0085                     	;# 
    45  0086                     	;# 
    46  0087                     	;# 
    47  008C                     	;# 
    48  008D                     	;# 
    49  008E                     	;# 
    50  0091                     	;# 
    51  0092                     	;# 
    52  0093                     	;# 
    53  0094                     	;# 
    54  0098                     	;# 
    55  0099                     	;# 
    56  009E                     	;# 
    57  009F                     	;# 
    58  010C                     	;# 
    59  010D                     	;# 
    60  010E                     	;# 
    61  010F                     	;# 
    62  018C                     	;# 
    63  018D                     	;# 
    64  0006                     _PORTB	set	6
    65  0013                     _SSPBUF	set	19
    66  0014                     _SSPCON	set	20
    67  0014                     _SSPCONbits	set	20
    68  005F                     _GIE	set	95
    69  005E                     _PEIE	set	94
    70  0063                     _SSPIF	set	99
    71  00A3                     _SSPM3	set	163
    72  0093                     _SSPADD	set	147
    73  0091                     _SSPCON2	set	145
    74  0094                     _SSPSTAT	set	148
    75  0094                     _SSPSTATbits	set	148
    76  0086                     _TRISB	set	134
    77  04A0                     _BF	set	1184
    78  0463                     _SSPIE	set	1123
    79  043B                     _TRISC3	set	1083
    80  043C                     _TRISC4	set	1084
    81  040F                     _nRBPU	set	1039
    82                           
    83                           ; #config settings
    84  0000                     
    85                           	psect	cinit
    86  07F8                     start_initialization:	
    87  07F8                     __initialization:	
    88                           
    89                           ; Clear objects allocated to COMMON
    90  07F8  01F0               	clrf	__pbssCOMMON& (0+127)
    91  07F9  01F1               	clrf	(__pbssCOMMON+1)& (0+127)
    92  07FA  01F2               	clrf	(__pbssCOMMON+2)& (0+127)
    93  07FB  01F3               	clrf	(__pbssCOMMON+3)& (0+127)
    94  07FC                     end_of_initialization:	
    95                           ;End of C runtime variable initialization code
    96                           
    97  07FC                     __end_of__initialization:	
    98  07FC  0183               	clrf	3
    99  07FD  120A  118A  2FD0   	ljmp	_main	;jump to C main() function
   100                           
   101                           	psect	bssCOMMON
   102  0070                     __pbssCOMMON:	
   103  0070                     _var555:	
   104  0070                     	ds	2
   105  0072                     _z:	
   106  0072                     	ds	2
   107                           
   108                           	psect	cstackCOMMON
   109  0074                     __pcstackCOMMON:	
   110  0074                     ?_I2C_Slave_Init:	
   111  0074                     ?_main:	
   112                           ; 1 bytes @ 0x0
   113                           
   114  0074                     I2C_Slave_Init@address:	
   115                           ; 1 bytes @ 0x0
   116                           
   117                           
   118                           ; 2 bytes @ 0x0
   119  0074                     	ds	2
   120  0076                     ??_I2C_Slave_Init:	
   121  0076                     ??_main:	
   122                           ; 1 bytes @ 0x2
   123                           
   124                           
   125                           	psect	maintext
   126  07D0                     __pmaintext:	
   127                           ; 1 bytes @ 0x2
   128 ;;
   129 ;;Main: autosize = 0, tempsize = 0, incstack = 0, save=0
   130 ;;
   131 ;; *************** function _main *****************
   132 ;; Defined at:
   133 ;;		line 78 in file "newmain.c"
   134 ;; Parameters:    Size  Location     Type
   135 ;;		None
   136 ;; Auto vars:     Size  Location     Type
   137 ;;		None
   138 ;; Return value:  Size  Location     Type
   139 ;;                  1    wreg      void 
   140 ;; Registers used:
   141 ;;		wreg, status,2, status,0, pclath, cstack
   142 ;; Tracked objects:
   143 ;;		On entry : B00/0
   144 ;;		On exit  : 0/0
   145 ;;		Unchanged: 0/0
   146 ;; Data sizes:     COMMON   BANK0   BANK1   BANK3   BANK2
   147 ;;      Params:         0       0       0       0       0
   148 ;;      Locals:         0       0       0       0       0
   149 ;;      Temps:          0       0       0       0       0
   150 ;;      Totals:         0       0       0       0       0
   151 ;;Total ram usage:        0 bytes
   152 ;; Hardware stack levels required when called:    1
   153 ;; This function calls:
   154 ;;		_I2C_Slave_Init
   155 ;; This function is called by:
   156 ;;		Startup code after reset
   157 ;; This function uses a non-reentrant model
   158 ;;
   159                           
   160                           
   161                           ;psect for function _main
   162  07D0                     _main:	
   163                           
   164                           ;newmain.c: 80: nRBPU = 0;
   165                           
   166                           ;incstack = 0
   167                           ; Regs used in _main: [wreg+status,2+status,0+pclath+cstack]
   168  07D0  1683               	bsf	3,5	;RP0=1, select bank1
   169  07D1  1303               	bcf	3,6	;RP1=0, select bank1
   170  07D2  1381               	bcf	1,7	;volatile
   171                           
   172                           ;newmain.c: 81: TRISB = 0xFF;;
   173  07D3  30FF               	movlw	255
   174  07D4  0086               	movwf	6	;volatile
   175                           
   176                           ;newmain.c: 84: I2C_Slave_Init(0x30);
   177  07D5  3030               	movlw	48
   178  07D6  00F4               	movwf	I2C_Slave_Init@address
   179  07D7  3000               	movlw	0
   180  07D8  00F5               	movwf	I2C_Slave_Init@address+1
   181  07D9  120A  118A  27DF  120A  118A  	fcall	_I2C_Slave_Init
   182  07DE                     l62:	
   183                           ;newmain.c: 85: while(1);
   184                           
   185  07DE  2FDE               	goto	l62
   186  07DF                     __end_of_main:	
   187                           
   188                           	psect	text1
   189  07DF                     __ptext1:	
   190 ;; *************** function _I2C_Slave_Init *****************
   191 ;; Defined at:
   192 ;;		line 64 in file "newmain.c"
   193 ;; Parameters:    Size  Location     Type
   194 ;;  address         2    0[COMMON] short 
   195 ;; Auto vars:     Size  Location     Type
   196 ;;		None
   197 ;; Return value:  Size  Location     Type
   198 ;;                  1    wreg      void 
   199 ;; Registers used:
   200 ;;		wreg
   201 ;; Tracked objects:
   202 ;;		On entry : 0/0
   203 ;;		On exit  : 0/0
   204 ;;		Unchanged: 0/0
   205 ;; Data sizes:     COMMON   BANK0   BANK1   BANK3   BANK2
   206 ;;      Params:         2       0       0       0       0
   207 ;;      Locals:         0       0       0       0       0
   208 ;;      Temps:          0       0       0       0       0
   209 ;;      Totals:         2       0       0       0       0
   210 ;;Total ram usage:        2 bytes
   211 ;; Hardware stack levels used:    1
   212 ;; This function calls:
   213 ;;		Nothing
   214 ;; This function is called by:
   215 ;;		_main
   216 ;; This function uses a non-reentrant model
   217 ;;
   218                           
   219                           
   220                           ;psect for function _I2C_Slave_Init
   221  07DF                     _I2C_Slave_Init:	
   222                           
   223                           ;newmain.c: 66: SSPSTAT = 0x80;
   224                           
   225                           ;incstack = 0
   226                           ; Regs used in _I2C_Slave_Init: [wreg]
   227  07DF  3080               	movlw	128
   228  07E0  1683               	bsf	3,5	;RP0=1, select bank1
   229  07E1  1303               	bcf	3,6	;RP1=0, select bank1
   230  07E2  0094               	movwf	20	;volatile
   231                           
   232                           ;newmain.c: 67: SSPADD = address;
   233  07E3  0874               	movf	I2C_Slave_Init@address,w
   234  07E4  0093               	movwf	19	;volatile
   235                           
   236                           ;newmain.c: 68: SSPCON = 0x36;
   237  07E5  3036               	movlw	54
   238  07E6  1283               	bcf	3,5	;RP0=0, select bank0
   239  07E7  1303               	bcf	3,6	;RP1=0, select bank0
   240  07E8  0094               	movwf	20	;volatile
   241                           
   242                           ;newmain.c: 69: SSPCON2 = 0x01;
   243  07E9  3001               	movlw	1
   244  07EA  1683               	bsf	3,5	;RP0=1, select bank1
   245  07EB  1303               	bcf	3,6	;RP1=0, select bank1
   246  07EC  0091               	movwf	17	;volatile
   247                           
   248                           ;newmain.c: 70: TRISC3 = 1;
   249  07ED  1587               	bsf	7,3	;volatile
   250                           
   251                           ;newmain.c: 71: TRISC4 = 1;
   252  07EE  1607               	bsf	7,4	;volatile
   253                           
   254                           ;newmain.c: 72: GIE = 0;
   255  07EF  138B               	bcf	11,7	;volatile
   256                           
   257                           ;newmain.c: 73: PEIE = 1;
   258  07F0  170B               	bsf	11,6	;volatile
   259                           
   260                           ;newmain.c: 74: SSPIF = 0;
   261  07F1  1283               	bcf	3,5	;RP0=0, select bank0
   262  07F2  1303               	bcf	3,6	;RP1=0, select bank0
   263  07F3  118C               	bcf	12,3	;volatile
   264                           
   265                           ;newmain.c: 75: SSPIE = 1;
   266  07F4  1683               	bsf	3,5	;RP0=1, select bank1
   267  07F5  1303               	bcf	3,6	;RP1=0, select bank1
   268  07F6  158C               	bsf	12,3	;volatile
   269  07F7  0008               	return
   270  07F8                     __end_of_I2C_Slave_Init:	
   271  007E                     btemp	set	126	;btemp
   272  007E                     wtemp	set	126
   273  007E                     wtemp0	set	126
   274  0080                     wtemp1	set	128
   275  0082                     wtemp2	set	130
   276  0084                     wtemp3	set	132
   277  0086                     wtemp4	set	134
   278  0088                     wtemp5	set	136
   279  007F                     wtemp6	set	127
   280  007E                     ttemp	set	126
   281  007E                     ttemp0	set	126
   282  0081                     ttemp1	set	129
   283  0084                     ttemp2	set	132
   284  0087                     ttemp3	set	135
   285  007F                     ttemp4	set	127
   286  007E                     ltemp	set	126
   287  007E                     ltemp0	set	126
   288  0082                     ltemp1	set	130
   289  0086                     ltemp2	set	134
   290  0080                     ltemp3	set	128


Data Sizes:
    Strings     0
    Constant    0
    Data        0
    BSS         4
    Persistent  0
    Stack       0

Auto Spaces:
    Space          Size  Autos    Used
    COMMON           14      2       6
    BANK0            80      0       0
    BANK1            80      0       0
    BANK3            96      0       0
    BANK2            96      0       0

Pointer List with Targets:

    None.

Critical Paths under _main in COMMON

    _main->_I2C_Slave_Init

Critical Paths under _main in BANK0

    None.

Critical Paths under _main in BANK1

    None.

Critical Paths under _main in BANK3

    None.

Critical Paths under _main in BANK2

    None.

Call Graph Tables:

 ---------------------------------------------------------------------------------
 (Depth) Function   	        Calls       Base Space   Used Autos Params    Refs
 ---------------------------------------------------------------------------------
 (0) _main                                                 0     0      0      75
                     _I2C_Slave_Init
 ---------------------------------------------------------------------------------
 (1) _I2C_Slave_Init                                       2     0      2      75
                                              0 COMMON     2     0      2
 ---------------------------------------------------------------------------------
 Estimated maximum stack depth 1
 ---------------------------------------------------------------------------------

 Call Graph Graphs:

 _main (ROOT)
   _I2C_Slave_Init

 Address spaces:
Name               Size   Autos  Total    Cost      Usage
BITCOMMON            E      0       0       0        0.0%
EEDATA             100      0       0       0        0.0%
NULL                 0      0       0       0        0.0%
CODE                 0      0       0       0        0.0%
COMMON               E      2       6       1       42.9%
BITSFR0              0      0       0       1        0.0%
SFR0                 0      0       0       1        0.0%
BITSFR1              0      0       0       2        0.0%
SFR1                 0      0       0       2        0.0%
STACK                0      0       0       2        0.0%
ABS                  0      0       6       3        0.0%
BITBANK0            50      0       0       4        0.0%
BITSFR3              0      0       0       4        0.0%
SFR3                 0      0       0       4        0.0%
BANK0               50      0       0       5        0.0%
BITSFR2              0      0       0       5        0.0%
SFR2                 0      0       0       5        0.0%
BITBANK1            50      0       0       6        0.0%
BANK1               50      0       0       7        0.0%
BITBANK3            60      0       0       8        0.0%
BANK3               60      0       0       9        0.0%
BITBANK2            60      0       0      10        0.0%
BANK2               60      0       0      11        0.0%
DATA                 0      0       6      12        0.0%


Microchip Technology PIC Macro Assembler V1.37 build -260352376 
Symbol Table                                                                                   Tue Nov 21 18:27:01 2017

                      _z 0072              __CFG_CP$OFF 0000              _SSPSTATbits 0094  
                     _BF 04A0                       l62 07DE                      _GIE 005F  
           __CFG_CPD$OFF 0000             __CFG_FOSC$XT 0000             __CFG_LVP$OFF 0000  
                   _PEIE 005E             __CFG_WRT$OFF 0000                     _main 07D0  
                   btemp 007E                     ltemp 007E                     start 0000  
                   ttemp 007E                     wtemp 007E                    ?_main 0074  
          __CFG_WDTE$OFF 0000                    _PORTB 0006                    _SSPM3 00A3  
                  _TRISB 0086                    _SSPIE 0463                    _SSPIF 0063  
                  _nRBPU 040F           __CFG_BOREN$OFF 0000                    ltemp0 007E  
                  ltemp1 0082                    ltemp2 0086                    ltemp3 0080  
                  ttemp0 007E                    ttemp1 0081                    ttemp2 0084  
                  ttemp3 0087                    ttemp4 007F                    status 0003  
                  wtemp0 007E                    wtemp1 0080                    wtemp2 0082  
                  wtemp3 0084                    wtemp4 0086                    wtemp5 0088  
                  wtemp6 007F          __initialization 07F8             __end_of_main 07DF  
                 ??_main 0076                   _SSPADD 0093                   _TRISC3 043B  
                 _TRISC4 043C                   _SSPCON 0014                   _SSPBUF 0013  
         __CFG_PWRTE$OFF 0000                   _var555 0070  __end_of__initialization 07FC  
         __pcstackCOMMON 0074  __size_of_I2C_Slave_Init 0019    I2C_Slave_Init@address 0074  
             __pmaintext 07D0                  _SSPCON2 0091                  _SSPSTAT 0094  
                __ptext1 07DF     end_of_initialization 07FC           _I2C_Slave_Init 07DF  
 __end_of_I2C_Slave_Init 07F8      start_initialization 07F8          ?_I2C_Slave_Init 0074  
            __pbssCOMMON 0070                ___latbits 0002         ??_I2C_Slave_Init 0076  
          __size_of_main 000F               _SSPCONbits 0014  
